Build started 9/25/2013 5:15:32 AM.
     1>Project "D:\Visual Studio 2012\Projects\cannon_bowling\cannon_bowling\cannon_bowling.vcxproj" on node 2 (Build target(s)).
     1>Link:
         C:\Program Files (x86)\Microsoft Visual Studio 11.0\VC\bin\link.exe /ERRORREPORT:PROMPT /OUT:"D:\Visual Studio 2012\Projects\cannon_bowling\Debug\cannon_bowling.exe" /INCREMENTAL /NOLOGO /LIBPATH:"D:\Visual Studio 2012\Projects\cannon_bowling\include_files\lib" glew32.lib kernel32.lib user32.lib gdi32.lib winspool.lib comdlg32.lib advapi32.lib shell32.lib ole32.lib oleaut32.lib uuid.lib odbc32.lib odbccp32.lib kernel32.lib user32.lib gdi32.lib winspool.lib comdlg32.lib advapi32.lib shell32.lib ole32.lib oleaut32.lib uuid.lib odbc32.lib odbccp32.lib /MANIFEST /MANIFESTUAC:"level='asInvoker' uiAccess='false'" /manifest:embed /DEBUG /PDB:"D:\Visual Studio 2012\Projects\cannon_bowling\Debug\cannon_bowling.pdb" /TLBID:1 /ENTRY:"mainCRTStartup" /DYNAMICBASE /NXCOMPAT /IMPLIB:"D:\Visual Studio 2012\Projects\cannon_bowling\Debug\cannon_bowling.lib" /MACHINE:X86 Debug\Bunny.obj
         Debug\Camera.obj
         Debug\Cube.obj
         Debug\Cylinder.obj
         Debug\gamePlay.obj
         Debug\HealthBar.obj
         Debug\InitShader.obj
         Debug\Light.obj
         Debug\main.obj
         Debug\Monsters.obj
         Debug\Sphere.obj
         Debug\tga.obj
         Debug\Timer.obj
         cannon_bowling.vcxproj -> D:\Visual Studio 2012\Projects\cannon_bowling\Debug\cannon_bowling.exe
     1>Done Building Project "D:\Visual Studio 2012\Projects\cannon_bowling\cannon_bowling\cannon_bowling.vcxproj" (Build target(s)).

Build succeeded.

Time Elapsed 00:00:00.23
